<?xml version="1.0" encoding="UTF-8"?>
<!-- Generated by org.testng.reporters.JUnitReportReporter -->
<testsuite hostname="SammyJ-Lptp" failures="0" tests="1" name="Checkboxes" time="9.949" errors="0" timestamp="2020-11-08T01:00:18 EST" skipped="0">
  <testcase classname="Checkboxes" name="canToggle" time="9.949"/>
  <system-out/>
</testsuite> <!-- Checkboxes -->
