<?xml version="1.0" encoding="UTF-8"?>
<!-- Generated by org.testng.reporters.JUnitReportReporter -->
<testsuite hostname="SammyJ-Lptp" failures="0" tests="1" name="TheInternet" time="12.524" errors="0" timestamp="2020-11-12T19:37:31 EST" skipped="0">
  <testcase classname="TheInternet" name="open" time="12.524"/>
  <system-out/>
</testsuite> <!-- TheInternet -->
