<?xml version="1.0" encoding="UTF-8"?>
<!-- Generated by org.testng.reporters.JUnitReportReporter -->
<testsuite hostname="SammyJ-Lptp" failures="0" tests="1" name="NewTest" time="10.910" errors="0" timestamp="2020-11-05T03:50:49 EST" skipped="0">
  <testcase classname="NewTest" name="f" time="10.910"/>
  <system-out/>
</testsuite> <!-- NewTest -->
