<?xml version="1.0" encoding="UTF-8"?>
<!-- Generated by org.testng.reporters.JUnitReportReporter -->
<testsuite hostname="SammyJ-Lptp" failures="0" tests="1" name="TheInternet" time="18.005" errors="0" timestamp="2020-11-09T03:14:08 EST" skipped="0">
  <testcase classname="TheInternet" name="dynamic" time="18.005"/>
  <system-out/>
</testsuite> <!-- TheInternet -->
