<?xml version="1.0" encoding="UTF-8"?>
<!-- Generated by org.testng.reporters.JUnitReportReporter -->
<testsuite hostname="SammyJ-Lptp" failures="0" tests="1" name="TheInternet" time="8.563" errors="0" timestamp="2020-11-13T17:32:35 EST" skipped="0">
  <testcase classname="TheInternet" name="presses" time="8.563"/>
  <system-out/>
</testsuite> <!-- TheInternet -->
