<?xml version="1.0" encoding="UTF-8"?>
<!-- Generated by org.testng.reporters.JUnitReportReporter -->
<testsuite hostname="SammyJ-Lptp" failures="0" tests="1" name="TheInternet" time="13.010" errors="0" timestamp="2020-11-12T17:45:34 EST" skipped="0">
  <testcase classname="TheInternet" name="jsalert" time="13.010"/>
  <system-out/>
</testsuite> <!-- TheInternet -->
