<?xml version="1.0" encoding="UTF-8"?>
<!-- Generated by org.testng.reporters.JUnitReportReporter -->
<testsuite hostname="SammyJ-Lptp" failures="0" tests="1" name="TheInternet" time="7.570" errors="0" timestamp="2020-11-07T02:00:42 EST" skipped="0">
  <testcase classname="TheInternet" name="canSelectDropDownList" time="7.570"/>
  <system-out/>
</testsuite> <!-- TheInternet -->
