<?xml version="1.0" encoding="UTF-8"?>
<!-- Generated by org.testng.reporters.JUnitReportReporter -->
<testsuite hostname="SammyJ-Lptp" failures="0" tests="1" name="TheInternet" time="11.057" errors="0" timestamp="2020-11-08T23:55:22 EST" skipped="0">
  <testcase classname="TheInternet" name="addRemove" time="11.057"/>
  <system-out/>
</testsuite> <!-- TheInternet -->
