<?xml version="1.0" encoding="UTF-8"?>
<!-- Generated by org.testng.reporters.JUnitReportReporter -->
<testsuite hostname="SammyJ-Lptp" failures="0" tests="1" name="TheInternet" time="12.986" errors="0" timestamp="2020-11-13T18:10:06 EST" skipped="0">
  <testcase classname="TheInternet" name="slid" time="12.986"/>
  <system-out/>
</testsuite> <!-- TheInternet -->
