<?xml version="1.0" encoding="UTF-8"?>
<!-- Generated by org.testng.reporters.JUnitReportReporter -->
<testsuite hostname="SammyJ-Lptp" failures="0" tests="1" name="TheInternet" time="7.681" errors="0" timestamp="2020-11-08T23:16:31 EST" skipped="0">
  <testcase classname="TheInternet" name="forgotPass" time="7.681"/>
  <system-out/>
</testsuite> <!-- TheInternet -->
