<?xml version="1.0" encoding="UTF-8"?>
<!-- Generated by org.testng.reporters.JUnitReportReporter -->
<testsuite hostname="SammyJ-Lptp" failures="0" tests="1" name="TheInternet" time="6.420" errors="0" timestamp="2020-11-12T15:43:21 EST" skipped="0">
  <testcase classname="TheInternet" name="hove" time="6.420"/>
  <system-out/>
</testsuite> <!-- TheInternet -->
