<?xml version="1.0" encoding="UTF-8"?>
<!-- Generated by org.testng.reporters.JUnitReportReporter -->
<testsuite hostname="SammyJ-Lptp" failures="0" tests="1" name="TheInternet" time="7.402" errors="0" timestamp="2020-11-12T20:31:49 EST" skipped="0">
  <testcase classname="TheInternet" name="open" time="7.402"/>
  <system-out/>
</testsuite> <!-- TheInternet -->
