<?xml version="1.0" encoding="UTF-8"?>
<!-- Generated by org.testng.reporters.JUnitReportReporter -->
<testsuite hostname="SammyJ-Lptp" failures="0" tests="1" name="TheInternet" time="8.106" errors="0" timestamp="2020-11-09T01:38:43 EST" skipped="0">
  <testcase classname="TheInternet" name="challening" time="8.106"/>
  <system-out/>
</testsuite> <!-- TheInternet -->
