<?xml version="1.0" encoding="UTF-8"?>
<!-- Generated by org.testng.reporters.JUnitReportReporter -->
<testsuite skipped="0" hostname="DESKTOP-DCPBM4O" name="StickersTest" tests="1" failures="0" timestamp="31 Oct 2020 21:43:36 GMT" time="0.059" errors="0">
  <testcase name="totalTest" time="0.059" classname="StickersTest"/>
</testsuite> <!-- StickersTest -->
