<?xml version="1.0" encoding="UTF-8"?>
<!-- Generated by org.testng.reporters.JUnitReportReporter -->
<testsuite skipped="0" hostname="DESKTOP-DCPBM4O" name="NewTest" tests="1" failures="0" timestamp="31 Oct 2020 21:02:20 GMT" time="0.019" errors="0">
  <testcase name="f" time="0.019" classname="NewTest"/>
</testsuite> <!-- NewTest -->
